2021-10-20 09:58:08,093 - Log4JLogChute initialized using file 'target/velocity.log'
2021-10-20 09:58:08,094 - Initializing Velocity, Calling init()...
2021-10-20 09:58:08,094 - Starting Apache Velocity v1.7 (compiled: 2010-11-19 12:14:37)
2021-10-20 09:58:08,094 - Default Properties File: org/apache/velocity/runtime/defaults/velocity.properties
2021-10-20 09:58:08,094 - Trying to use logger class org.apache.velocity.runtime.log.AvalonLogChute
2021-10-20 09:58:08,094 - Target log system for org.apache.velocity.runtime.log.AvalonLogChute is not available (java.lang.NoClassDefFoundError: org/apache/log/format/Formatter).  Falling back to next log system...
2021-10-20 09:58:08,094 - Trying to use logger class org.apache.velocity.runtime.log.Log4JLogChute
2021-10-20 09:58:08,094 - Using logger class org.apache.velocity.runtime.log.Log4JLogChute
2021-10-20 09:58:08,097 - ResourceLoader instantiated: org.apache.velocity.runtime.resource.loader.ClasspathResourceLoader
2021-10-20 09:58:08,112 - ResourceCache: initialized (class org.apache.velocity.runtime.resource.ResourceCacheImpl) with class java.util.Collections$SynchronizedMap cache map.
2021-10-20 09:58:08,113 - Loaded System Directive: org.apache.velocity.runtime.directive.Stop
2021-10-20 09:58:08,115 - Loaded System Directive: org.apache.velocity.runtime.directive.Define
2021-10-20 09:58:08,116 - Loaded System Directive: org.apache.velocity.runtime.directive.Break
2021-10-20 09:58:08,117 - Loaded System Directive: org.apache.velocity.runtime.directive.Evaluate
2021-10-20 09:58:08,117 - Loaded System Directive: org.apache.velocity.runtime.directive.Literal
2021-10-20 09:58:08,118 - Loaded System Directive: org.apache.velocity.runtime.directive.Macro
2021-10-20 09:58:08,119 - Loaded System Directive: org.apache.velocity.runtime.directive.Parse
2021-10-20 09:58:08,120 - Loaded System Directive: org.apache.velocity.runtime.directive.Include
2021-10-20 09:58:08,121 - Loaded System Directive: org.apache.velocity.runtime.directive.Foreach
2021-10-20 09:58:08,155 - Created '20' parsers.
2021-10-20 09:58:08,160 - Velocimacro : "velocimacro.library" is not set.  Trying default library: VM_global_library.vm
2021-10-20 09:58:08,161 - Could not load resource 'VM_global_library.vm' from ResourceLoader org.apache.velocity.runtime.resource.loader.ClasspathResourceLoader: ClasspathResourceLoader Error: cannot find resource VM_global_library.vm
2021-10-20 09:58:08,161 - Velocimacro : Default library not found.
2021-10-20 09:58:08,161 - Velocimacro : allowInline = true : VMs can be defined inline in templates
2021-10-20 09:58:08,161 - Velocimacro : allowInlineToOverride = false : VMs defined inline may NOT replace previous VM definitions
2021-10-20 09:58:08,161 - Velocimacro : allowInlineLocal = false : VMs defined inline will be global in scope if allowed.
2021-10-20 09:58:08,161 - Velocimacro : autoload off : VM system will not automatically reload global library macros
2021-10-20 09:58:08,287 - ResourceManager : found templates/generators/errorpage.vm with loader org.apache.velocity.runtime.resource.loader.ClasspathResourceLoader
2021-10-20 09:58:08,293 - ResourceManager : found /templates/headers.vm with loader org.apache.velocity.runtime.resource.loader.ClasspathResourceLoader
2021-10-20 09:58:08,295 - ResourceManager : found /templates/head.vm with loader org.apache.velocity.runtime.resource.loader.ClasspathResourceLoader
2021-10-20 09:58:08,298 - Velocimacro : added VM stringArray: source=/templates/macros/array.js.vm
2021-10-20 09:58:08,298 - Velocimacro : added VM numberArray: source=/templates/macros/array.js.vm
2021-10-20 09:58:08,298 - ResourceManager : found /templates/macros/array.js.vm with loader org.apache.velocity.runtime.resource.loader.ClasspathResourceLoader
2021-10-20 09:58:08,301 - Velocimacro : added VM includeBuildInfo: source=/templates/macros/page/buildinfo.vm
2021-10-20 09:58:08,302 - ResourceManager : found /templates/macros/page/buildinfo.vm with loader org.apache.velocity.runtime.resource.loader.ClasspathResourceLoader
2021-10-20 09:58:08,307 - Velocimacro : added VM includeClassifications: source=/templates/macros/page/classifications.vm
2021-10-20 09:58:08,307 - ResourceManager : found /templates/macros/page/classifications.vm with loader org.apache.velocity.runtime.resource.loader.ClasspathResourceLoader
2021-10-20 09:58:08,308 - Velocimacro : added VM includeLead: source=/templates/macros/page/lead.vm
2021-10-20 09:58:08,308 - ResourceManager : found /templates/macros/page/lead.vm with loader org.apache.velocity.runtime.resource.loader.ClasspathResourceLoader
2021-10-20 09:58:08,315 - Velocimacro : added VM includeNavigation: source=/templates/macros/page/navigation.vm
2021-10-20 09:58:08,315 - ResourceManager : found /templates/macros/page/navigation.vm with loader org.apache.velocity.runtime.resource.loader.ClasspathResourceLoader
2021-10-20 09:58:08,318 - Velocimacro : added VM includeReportInfo: source=/templates/macros/page/reportInfo.vm
2021-10-20 09:58:08,318 - ResourceManager : found /templates/macros/page/reportInfo.vm with loader org.apache.velocity.runtime.resource.loader.ClasspathResourceLoader
2021-10-20 09:58:08,321 - Velocimacro : added VM includeTitle: source=/templates/macros/page/title.vm
2021-10-20 09:58:08,321 - ResourceManager : found /templates/macros/page/title.vm with loader org.apache.velocity.runtime.resource.loader.ClasspathResourceLoader
2021-10-20 09:58:08,322 - Velocimacro : added VM includeExpandingButtons: source=/templates/macros/report/expandAllButtons.vm
2021-10-20 09:58:08,322 - ResourceManager : found /templates/macros/report/expandAllButtons.vm with loader org.apache.velocity.runtime.resource.loader.ClasspathResourceLoader
2021-10-20 09:58:08,327 - Velocimacro : added VM includeReportTable: source=/templates/macros/report/reportTable.vm
2021-10-20 09:58:08,328 - ResourceManager : found /templates/macros/report/reportTable.vm with loader org.apache.velocity.runtime.resource.loader.ClasspathResourceLoader
2021-10-20 09:58:08,330 - Velocimacro : added VM includeReportHeader: source=/templates/macros/report/reportHeader.vm
2021-10-20 09:58:08,330 - ResourceManager : found /templates/macros/report/reportHeader.vm with loader org.apache.velocity.runtime.resource.loader.ClasspathResourceLoader
2021-10-20 09:58:08,338 - Velocimacro : added VM includeStatsTable: source=/templates/macros/report/statsTable.vm
2021-10-20 09:58:08,338 - ResourceManager : found /templates/macros/report/statsTable.vm with loader org.apache.velocity.runtime.resource.loader.ClasspathResourceLoader
2021-10-20 09:58:08,340 - Velocimacro : added VM includeBrief: source=/templates/macros/json/brief.vm
2021-10-20 09:58:08,340 - ResourceManager : found /templates/macros/json/brief.vm with loader org.apache.velocity.runtime.resource.loader.ClasspathResourceLoader
2021-10-20 09:58:08,341 - Velocimacro : added VM includeDocString: source=/templates/macros/json/docstring.vm
2021-10-20 09:58:08,342 - ResourceManager : found /templates/macros/json/docstring.vm with loader org.apache.velocity.runtime.resource.loader.ClasspathResourceLoader
2021-10-20 09:58:08,343 - Velocimacro : added VM includeDuration: source=/templates/macros/json/duration.vm
2021-10-20 09:58:08,344 - ResourceManager : found /templates/macros/json/duration.vm with loader org.apache.velocity.runtime.resource.loader.ClasspathResourceLoader
2021-10-20 09:58:08,348 - Velocimacro : added VM includeElement: source=/templates/macros/json/element.vm
2021-10-20 09:58:08,348 - ResourceManager : found /templates/macros/json/element.vm with loader org.apache.velocity.runtime.resource.loader.ClasspathResourceLoader
2021-10-20 09:58:08,359 - Velocimacro : added VM includeEmbeddings: source=/templates/macros/json/embeddings.vm
2021-10-20 09:58:08,360 - Velocimacro : added VM includeHtmlEmbedding: source=/templates/macros/json/embeddings.vm
2021-10-20 09:58:08,361 - Velocimacro : added VM includeVideoEmbedding: source=/templates/macros/json/embeddings.vm
2021-10-20 09:58:08,361 - Velocimacro : added VM includeImageEmbedding: source=/templates/macros/json/embeddings.vm
2021-10-20 09:58:08,361 - Velocimacro : added VM includeImageReferenceEmbedding: source=/templates/macros/json/embeddings.vm
2021-10-20 09:58:08,362 - Velocimacro : added VM includeTextEmbedding: source=/templates/macros/json/embeddings.vm
2021-10-20 09:58:08,362 - Velocimacro : added VM includeUnknownEmbedding: source=/templates/macros/json/embeddings.vm
2021-10-20 09:58:08,362 - ResourceManager : found /templates/macros/json/embeddings.vm with loader org.apache.velocity.runtime.resource.loader.ClasspathResourceLoader
2021-10-20 09:58:08,366 - Velocimacro : added VM includeHooks: source=/templates/macros/json/hooks.vm
2021-10-20 09:58:08,366 - ResourceManager : found /templates/macros/json/hooks.vm with loader org.apache.velocity.runtime.resource.loader.ClasspathResourceLoader
2021-10-20 09:58:08,370 - Velocimacro : added VM includeOutput: source=/templates/macros/json/output.vm
2021-10-20 09:58:08,370 - ResourceManager : found /templates/macros/json/output.vm with loader org.apache.velocity.runtime.resource.loader.ClasspathResourceLoader
2021-10-20 09:58:08,372 - Velocimacro : added VM includeMessage: source=/templates/macros/json/message.vm
2021-10-20 09:58:08,372 - ResourceManager : found /templates/macros/json/message.vm with loader org.apache.velocity.runtime.resource.loader.ClasspathResourceLoader
2021-10-20 09:58:08,376 - Velocimacro : added VM includeSteps: source=/templates/macros/json/steps.vm
2021-10-20 09:58:08,376 - ResourceManager : found /templates/macros/json/steps.vm with loader org.apache.velocity.runtime.resource.loader.ClasspathResourceLoader
2021-10-20 09:58:08,378 - Velocimacro : added VM includeStepName: source=/templates/macros/json/stepName.vm
2021-10-20 09:58:08,378 - ResourceManager : found /templates/macros/json/stepName.vm with loader org.apache.velocity.runtime.resource.loader.ClasspathResourceLoader
2021-10-20 09:58:08,379 - Velocimacro : added VM includeTags: source=/templates/macros/json/tags.vm
2021-10-20 09:58:08,379 - ResourceManager : found /templates/macros/json/tags.vm with loader org.apache.velocity.runtime.resource.loader.ClasspathResourceLoader
2021-10-20 09:58:08,390 - VM #includeNavigation: too few arguments to macro. Wanted 1 got 0
2021-10-20 09:58:08,390 - Left side ($active_tab) of '==' operation has null value. If it is a reference, it may not be in the context or its toString() returned null. /templates/macros/page/navigation.vm[line 14, column 51]
2021-10-20 09:58:08,390 - Left side ($active_tab) of '==' operation has null value. If it is a reference, it may not be in the context or its toString() returned null. /templates/macros/page/navigation.vm[line 15, column 51]
2021-10-20 09:58:08,390 - Left side ($active_tab) of '==' operation has null value. If it is a reference, it may not be in the context or its toString() returned null. /templates/macros/page/navigation.vm[line 16, column 51]
2021-10-20 09:58:08,390 - Left side ($active_tab) of '==' operation has null value. If it is a reference, it may not be in the context or its toString() returned null. /templates/macros/page/navigation.vm[line 20, column 51]
2021-10-20 09:58:08,421 - ResourceManager : found /templates/footer.vm with loader org.apache.velocity.runtime.resource.loader.ClasspathResourceLoader
